[2012-01-25 03:56:15] INFO  WEBrick 1.3.1
[2012-01-25 03:56:15] INFO  ruby 1.9.2 (2011-07-09) [i686-linux]
[2012-01-25 03:56:15] INFO  WEBrick::HTTPServer#start: pid=29734 port=80
=> Booting WEBrick
=> Rails 3.0.1 application starting in development on http://0.0.0.0:80
=> Call with -d to detach
=> Ctrl-C to shutdown server


Started GET "/" for 96.42.46.165 at 2012-01-25 03:56:24 +0000
  Processing by StoreController#index as HTML
  [1m[36mSQL (0.3ms)[0m  [1m SELECT name
 FROM sqlite_master
 WHERE type = 'table' AND NOT name = 'sqlite_sequence'
[0m
  [1m[35mUser Load (0.3ms)[0m  SELECT "users".* FROM "users" WHERE ("users"."id" = 3) LIMIT 1
  [1m[36mCart Load (0.2ms)[0m  [1mSELECT "carts".* FROM "carts" WHERE ("carts".user_id = 3) LIMIT 1[0m
  [1m[35mProduct Load (0.3ms)[0m  SELECT "products".* FROM "products" ORDER BY title
  [1m[36mLineItem Load (0.3ms)[0m  [1mSELECT "line_items".* FROM "line_items" WHERE ("line_items".cart_id = 3)[0m
  [1m[35mProduct Load (0.1ms)[0m  SELECT "products".* FROM "products" WHERE ("products"."id" = 1) ORDER BY title LIMIT 1
Rendered products/_product.html.erb (0.6ms)
Rendered line_items/_line_item.html.erb (73.8ms)
  [1m[36mProduct Load (0.3ms)[0m  [1mSELECT "products".* FROM "products" WHERE ("products"."id" = 2) ORDER BY title LIMIT 1[0m
Rendered products/_product.html.erb (0.4ms)
Rendered line_items/_line_item.html.erb (3.2ms)
  [1m[35mProduct Load (0.1ms)[0m  SELECT "products".* FROM "products" WHERE ("products"."id" = 3) ORDER BY title LIMIT 1
Rendered products/_product.html.erb (0.4ms)
Rendered line_items/_line_item.html.erb (2.0ms)
  [1m[36mProduct Load (0.1ms)[0m  [1mSELECT "products".* FROM "products" WHERE ("products"."id" = 4) ORDER BY title LIMIT 1[0m
Rendered products/_product.html.erb (0.4ms)
Rendered line_items/_line_item.html.erb (2.0ms)
Rendered carts/_cart.html.erb (227.5ms)
Rendered qr/qr.html.erb (1.8ms)
Rendered layouts/_header.html.erb (1.0ms)
Rendered store/index.html.erb within layouts/application (391.6ms)
Completed 200 OK in 1199ms (Views: 394.2ms | ActiveRecord: 2.1ms)


Started POST "/line_items?product_id=4" for 96.42.46.165 at 2012-01-25 03:56:49 +0000
  Processing by LineItemsController#create as HTML
  Parameters: {"authenticity_token"=>"Img6L2c81qa0tkE8LO8RhnlY6aCdmn0POK0pgfyvVCo=", "product_id"=>"4"}
  [1m[35mUser Load (0.4ms)[0m  SELECT "users".* FROM "users" WHERE ("users"."id" = 4) LIMIT 1
  [1m[36mCart Load (0.2ms)[0m  [1mSELECT "carts".* FROM "carts" WHERE ("carts".user_id = 4) LIMIT 1[0m
  [1m[35mProduct Load (0.2ms)[0m  SELECT "products".* FROM "products" WHERE ("products"."id" = 4) ORDER BY title LIMIT 1
  [1m[36mCart Load (0.2ms)[0m  [1mSELECT "carts".* FROM "carts" WHERE ("carts"."id" = 4) LIMIT 1[0m
  [1m[35mSQL (0.4ms)[0m  INSERT INTO "line_items" ("cart_id", "created_at", "product_id", "updated_at") VALUES (4, '2012-01-25 03:56:49.720045', 4, '2012-01-25 03:56:49.720045')
Redirected to http://go2starr.com/
Completed 302 Found in 415ms


Started GET "/" for 96.42.46.165 at 2012-01-25 03:56:49 +0000
  Processing by StoreController#index as HTML
  [1m[36mUser Load (0.3ms)[0m  [1mSELECT "users".* FROM "users" WHERE ("users"."id" = 4) LIMIT 1[0m
  [1m[35mCart Load (0.2ms)[0m  SELECT "carts".* FROM "carts" WHERE ("carts".user_id = 4) LIMIT 1
  [1m[36mProduct Load (0.3ms)[0m  [1mSELECT "products".* FROM "products" ORDER BY title[0m
  [1m[35mLineItem Load (0.3ms)[0m  SELECT "line_items".* FROM "line_items" WHERE ("line_items".cart_id = 4)
  [1m[36mProduct Load (0.1ms)[0m  [1mSELECT "products".* FROM "products" WHERE ("products"."id" = 1) ORDER BY title LIMIT 1[0m
Rendered products/_product.html.erb (0.5ms)
Rendered line_items/_line_item.html.erb (48.2ms)
  [1m[35mProduct Load (0.2ms)[0m  SELECT "products".* FROM "products" WHERE ("products"."id" = 2) ORDER BY title LIMIT 1
Rendered products/_product.html.erb (0.4ms)
Rendered line_items/_line_item.html.erb (2.4ms)
  [1m[36mProduct Load (0.1ms)[0m  [1mSELECT "products".* FROM "products" WHERE ("products"."id" = 3) ORDER BY title LIMIT 1[0m
Rendered products/_product.html.erb (0.4ms)
Rendered line_items/_line_item.html.erb (2.0ms)
  [1m[35mCACHE (0.0ms)[0m  SELECT "products".* FROM "products" WHERE ("products"."id" = 1) ORDER BY title LIMIT 1
Rendered products/_product.html.erb (0.4ms)
Rendered line_items/_line_item.html.erb (1.9ms)
  [1m[36mProduct Load (0.1ms)[0m  [1mSELECT "products".* FROM "products" WHERE ("products"."id" = 4) ORDER BY title LIMIT 1[0m
Rendered products/_product.html.erb (0.4ms)
Rendered line_items/_line_item.html.erb (2.0ms)
Rendered carts/_cart.html.erb (166.0ms)
Rendered qr/qr.html.erb (1.8ms)
Rendered layouts/_header.html.erb (1.0ms)
Rendered store/index.html.erb within layouts/application (175.1ms)
Completed 200 OK in 509ms (Views: 206.1ms | ActiveRecord: 3.0ms)


Started POST "/line_items?product_id=2" for 96.42.46.165 at 2012-01-25 03:59:58 +0000
  Processing by LineItemsController#create as HTML
  Parameters: {"authenticity_token"=>"Img6L2c81qa0tkE8LO8RhnlY6aCdmn0POK0pgfyvVCo=", "product_id"=>"2"}
  [1m[35mUser Load (0.3ms)[0m  SELECT "users".* FROM "users" WHERE ("users"."id" = 4) LIMIT 1
  [1m[36mCart Load (0.3ms)[0m  [1mSELECT "carts".* FROM "carts" WHERE ("carts".user_id = 4) LIMIT 1[0m
  [1m[35mProduct Load (0.4ms)[0m  SELECT "products".* FROM "products" WHERE ("products"."id" = 2) ORDER BY title LIMIT 1
  [1m[36mCart Load (0.2ms)[0m  [1mSELECT "carts".* FROM "carts" WHERE ("carts"."id" = 4) LIMIT 1[0m
  [1m[35mSQL (0.3ms)[0m  INSERT INTO "line_items" ("cart_id", "created_at", "product_id", "updated_at") VALUES (4, '2012-01-25 03:59:58.457909', 2, '2012-01-25 03:59:58.457909')
Redirected to http://go2starr.com/
Completed 302 Found in 454ms


Started GET "/" for 96.42.46.165 at 2012-01-25 03:59:58 +0000
  Processing by StoreController#index as HTML
  [1m[36mUser Load (0.3ms)[0m  [1mSELECT "users".* FROM "users" WHERE ("users"."id" = 4) LIMIT 1[0m
  [1m[35mCart Load (0.3ms)[0m  SELECT "carts".* FROM "carts" WHERE ("carts".user_id = 4) LIMIT 1
  [1m[36mProduct Load (0.4ms)[0m  [1mSELECT "products".* FROM "products" ORDER BY title[0m
  [1m[35mLineItem Load (0.4ms)[0m  SELECT "line_items".* FROM "line_items" WHERE ("line_items".cart_id = 4)
  [1m[36mProduct Load (0.2ms)[0m  [1mSELECT "products".* FROM "products" WHERE ("products"."id" = 1) ORDER BY title LIMIT 1[0m
Rendered products/_product.html.erb (0.6ms)
Rendered line_items/_line_item.html.erb (20.1ms)
  [1m[35mProduct Load (0.2ms)[0m  SELECT "products".* FROM "products" WHERE ("products"."id" = 2) ORDER BY title LIMIT 1
Rendered products/_product.html.erb (0.5ms)
Rendered line_items/_line_item.html.erb (2.9ms)
  [1m[36mProduct Load (0.2ms)[0m  [1mSELECT "products".* FROM "products" WHERE ("products"."id" = 3) ORDER BY title LIMIT 1[0m
Rendered products/_product.html.erb (0.7ms)
Rendered line_items/_line_item.html.erb (64.5ms)
  [1m[35mCACHE (0.0ms)[0m  SELECT "products".* FROM "products" WHERE ("products"."id" = 1) ORDER BY title LIMIT 1
Rendered products/_product.html.erb (0.4ms)
Rendered line_items/_line_item.html.erb (2.3ms)
  [1m[36mProduct Load (0.3ms)[0m  [1mSELECT "products".* FROM "products" WHERE ("products"."id" = 4) ORDER BY title LIMIT 1[0m
Rendered products/_product.html.erb (0.4ms)
Rendered line_items/_line_item.html.erb (2.3ms)
  [1m[35mCACHE (0.0ms)[0m  SELECT "products".* FROM "products" WHERE ("products"."id" = 2) ORDER BY title LIMIT 1
Rendered products/_product.html.erb (0.4ms)
Rendered line_items/_line_item.html.erb (2.0ms)
Rendered carts/_cart.html.erb (154.1ms)
Rendered qr/qr.html.erb (1.9ms)
Rendered layouts/_header.html.erb (1.1ms)
Rendered store/index.html.erb within layouts/application (163.7ms)
Completed 200 OK in 604ms (Views: 165.9ms | ActiveRecord: 3.7ms)


Started GET "/" for 166.205.14.43 at 2012-01-25 04:00:37 +0000
  Processing by StoreController#index as HTML
  [1m[36mUser Load (0.2ms)[0m  [1mSELECT "users".* FROM "users" WHERE ("users"."id" IS NULL) LIMIT 1[0m
Redirected to http://go2starr.com/signin
Completed 302 Found in 24ms


Started GET "/signin" for 166.205.14.43 at 2012-01-25 04:00:38 +0000
  Processing by SessionsController#new as HTML
  [1m[35mUser Load (0.1ms)[0m  SELECT "users".* FROM "users" WHERE ("users"."id" IS NULL) LIMIT 1
Rendered layouts/_header.html.erb (91.1ms)
Rendered sessions/new.html.erb within layouts/application (95.1ms)
Completed 200 OK in 151ms (Views: 150.4ms | ActiveRecord: 0.3ms)


Started POST "/sessions" for 166.205.14.43 at 2012-01-25 04:01:28 +0000
  Processing by SessionsController#create as HTML
  Parameters: {"utf8"=>"✓", "authenticity_token"=>"q9T0qVxJXgSXCHse1Mod2uivplEYMZ2YSJZVtRGgNnU=", "session"=>{"email"=>"A@a.com", "password"=>"[FILTERED]"}, "commit"=>"Sign in"}
  [1m[36mUser Load (0.2ms)[0m  [1mSELECT "users".* FROM "users" WHERE ("users"."email" = 'A@a.com') LIMIT 1[0m
  [1m[35mUser Load (0.2ms)[0m  SELECT "users".* FROM "users" WHERE ("users"."id" IS NULL) LIMIT 1
Rendered layouts/_header.html.erb (1.9ms)
Rendered sessions/new.html.erb within layouts/application (6.2ms)
Completed 200 OK in 147ms (Views: 9.3ms | ActiveRecord: 0.4ms)


Started GET "/signup" for 166.205.14.43 at 2012-01-25 04:01:34 +0000
  Processing by UsersController#new as HTML
  [1m[36mUser Load (0.2ms)[0m  [1mSELECT "users".* FROM "users" WHERE ("users"."id" IS NULL) LIMIT 1[0m
Rendered layouts/_header.html.erb (66.4ms)
Rendered users/new.html.erb within layouts/application (71.5ms)
Completed 200 OK in 240ms (Views: 74.4ms | ActiveRecord: 0.2ms)


Started GET "/" for 199.21.99.106 at 2012-01-25 04:01:47 +0000
  Processing by StoreController#index as */*
  [1m[35mUser Load (0.3ms)[0m  SELECT "users".* FROM "users" WHERE ("users"."id" IS NULL) LIMIT 1
Redirected to http://go2starr.com/signin
Completed 302 Found in 123ms


Started GET "/signin" for 199.21.99.106 at 2012-01-25 04:01:51 +0000
  Processing by SessionsController#new as */*
  [1m[36mUser Load (0.2ms)[0m  [1mSELECT "users".* FROM "users" WHERE ("users"."id" IS NULL) LIMIT 1[0m
Rendered layouts/_header.html.erb (102.2ms)
Rendered sessions/new.html.erb within layouts/application (106.0ms)
Completed 200 OK in 115ms (Views: 114.5ms | ActiveRecord: 0.5ms)


Started GET "/about" for 199.21.99.106 at 2012-01-25 04:01:56 +0000

ActionController::RoutingError (No route matches "/about"):
  

Rendered /home/ubuntu/.rvm/gems/ruby-1.9.2-p290@qrserve/gems/actionpack-3.0.1/lib/action_dispatch/middleware/templates/rescues/routing_error.erb within rescues/layout (0.9ms)


Started POST "/users" for 166.205.14.43 at 2012-01-25 04:02:04 +0000
  Processing by UsersController#create as HTML
  Parameters: {"utf8"=>"✓", "authenticity_token"=>"q9T0qVxJXgSXCHse1Mod2uivplEYMZ2YSJZVtRGgNnU=", "user"=>{"name"=>"A", "email"=>"B@b.com", "password"=>"[FILTERED]", "password_confirmation"=>"[FILTERED]"}, "commit"=>"Sign up"}
  [1m[35mUser Load (0.9ms)[0m  SELECT "users"."id" FROM "users" WHERE (LOWER("users"."email") = LOWER('B@b.com')) LIMIT 1
  [1m[36mSQL (0.3ms)[0m  [1mINSERT INTO "users" ("cart_id", "created_at", "email", "encrypted_password", "name", "salt", "updated_at") VALUES (NULL, '2012-01-25 04:02:04.887029', 'B@b.com', 'bb88906cee30c109cb2a59bba7fce84a9c7800a634f27b74124e37cec7d0d77e', 'A', 'c81d2e9db1ef6e41126a1a14e95f20f16deebb197b80d484165fdd860cf43c85', '2012-01-25 04:02:04.887029')[0m
  [1m[35mSQL (0.1ms)[0m  INSERT INTO "carts" ("created_at", "updated_at", "user_id") VALUES ('2012-01-25 04:02:04.891923', '2012-01-25 04:02:04.891923', 5)
Redirected to http://go2starr.com/users/5
Completed 302 Found in 375ms


Started GET "/users/5" for 166.205.14.43 at 2012-01-25 04:02:05 +0000
  Processing by UsersController#show as HTML
  Parameters: {"id"=>"5"}
  [1m[36mUser Load (1.5ms)[0m  [1mSELECT "users".* FROM "users" WHERE ("users"."id" = 5) LIMIT 1[0m
  [1m[35mCACHE (0.0ms)[0m  SELECT "users".* FROM "users" WHERE ("users"."id" = 5) LIMIT 1
Rendered layouts/_header.html.erb (60.6ms)
Rendered users/show.html.erb within layouts/application (73.8ms)
Completed 200 OK in 200ms (Views: 77.0ms | ActiveRecord: 2.9ms)


Started GET "/carts/4" for 166.205.14.43 at 2012-01-25 04:02:27 +0000
  Processing by CartsController#show as HTML
  Parameters: {"id"=>"4"}
  [1m[36mCart Load (0.1ms)[0m  [1mSELECT "carts".* FROM "carts" WHERE ("carts"."id" = 4) LIMIT 1[0m
  [1m[35mUser Load (0.9ms)[0m  SELECT "users".* FROM "users" WHERE ("users"."id" IS NULL) LIMIT 1
Redirected to http://go2starr.com/signin
Completed 302 Found in 140ms


Started GET "/signin" for 166.205.14.43 at 2012-01-25 04:02:27 +0000
  Processing by SessionsController#new as HTML
  [1m[36mUser Load (0.2ms)[0m  [1mSELECT "users".* FROM "users" WHERE ("users"."id" IS NULL) LIMIT 1[0m
Rendered layouts/_header.html.erb (28.7ms)
Rendered sessions/new.html.erb within layouts/application (89.6ms)
Completed 200 OK in 93ms (Views: 92.4ms | ActiveRecord: 1.2ms)


Started POST "/sessions" for 166.205.14.43 at 2012-01-25 04:03:04 +0000
  Processing by SessionsController#create as HTML
  Parameters: {"utf8"=>"✓", "authenticity_token"=>"s7jnEp49LLu8M8Y6p+N4ERq+FMoRGRXn0dwBC8bqnfw=", "session"=>{"email"=>"b@b.com", "password"=>"[FILTERED]"}, "commit"=>"Sign in"}
  [1m[35mUser Load (0.3ms)[0m  SELECT "users".* FROM "users" WHERE ("users"."email" = 'b@b.com') LIMIT 1
  [1m[36mUser Load (0.2ms)[0m  [1mSELECT "users".* FROM "users" WHERE ("users"."id" IS NULL) LIMIT 1[0m
Rendered layouts/_header.html.erb (1.8ms)
Rendered sessions/new.html.erb within layouts/application (6.0ms)
Completed 200 OK in 95ms (Views: 9.0ms | ActiveRecord: 0.5ms)


Started POST "/sessions" for 166.205.14.43 at 2012-01-25 04:03:22 +0000
  Processing by SessionsController#create as HTML
  Parameters: {"utf8"=>"✓", "authenticity_token"=>"s7jnEp49LLu8M8Y6p+N4ERq+FMoRGRXn0dwBC8bqnfw=", "session"=>{"email"=>"B@b.com", "password"=>"[FILTERED]"}, "commit"=>"Sign in"}
  [1m[35mUser Load (0.3ms)[0m  SELECT "users".* FROM "users" WHERE ("users"."email" = 'B@b.com') LIMIT 1
Redirected to http://go2starr.com/users/5
Completed 302 Found in 135ms


Started GET "/users/5" for 166.205.14.43 at 2012-01-25 04:03:22 +0000
  Processing by UsersController#show as HTML
  Parameters: {"id"=>"5"}
  [1m[36mUser Load (0.3ms)[0m  [1mSELECT "users".* FROM "users" WHERE ("users"."id" = 5) LIMIT 1[0m
  [1m[35mCACHE (0.0ms)[0m  SELECT "users".* FROM "users" WHERE ("users"."id" = 5) LIMIT 1
Rendered layouts/_header.html.erb (52.9ms)
Rendered users/show.html.erb within layouts/application (64.1ms)
Completed 200 OK in 144ms (Views: 67.3ms | ActiveRecord: 0.6ms)


Started GET "/carts/4" for 166.205.14.43 at 2012-01-25 04:03:37 +0000
  Processing by CartsController#show as HTML
  Parameters: {"id"=>"4"}
  [1m[36mCart Load (0.1ms)[0m  [1mSELECT "carts".* FROM "carts" WHERE ("carts"."id" = 4) LIMIT 1[0m
  [1m[35mUser Load (0.5ms)[0m  SELECT "users".* FROM "users" WHERE ("users"."id" = 5) LIMIT 1
  [1m[36mLineItem Load (0.3ms)[0m  [1mSELECT "line_items".* FROM "line_items" WHERE ("line_items".cart_id = 4)[0m
  [1m[35mProduct Load (0.2ms)[0m  SELECT "products".* FROM "products" WHERE ("products"."id" = 1) ORDER BY title LIMIT 1
  [1m[36mProduct Load (0.1ms)[0m  [1mSELECT "products".* FROM "products" WHERE ("products"."id" = 2) ORDER BY title LIMIT 1[0m
  [1m[35mProduct Load (0.1ms)[0m  SELECT "products".* FROM "products" WHERE ("products"."id" = 3) ORDER BY title LIMIT 1
  [1m[36mCACHE (0.0ms)[0m  [1mSELECT "products".* FROM "products" WHERE ("products"."id" = 1) ORDER BY title LIMIT 1[0m
  [1m[35mProduct Load (0.1ms)[0m  SELECT "products".* FROM "products" WHERE ("products"."id" = 4) ORDER BY title LIMIT 1
  [1m[36mCACHE (0.0ms)[0m  [1mSELECT "products".* FROM "products" WHERE ("products"."id" = 2) ORDER BY title LIMIT 1[0m
Rendered products/_product.html.erb (0.4ms)
Rendered line_items/_line_item.html.erb (2.0ms)
Rendered products/_product.html.erb (0.4ms)
Rendered line_items/_line_item.html.erb (1.5ms)
Rendered products/_product.html.erb (0.4ms)
Rendered line_items/_line_item.html.erb (1.5ms)
Rendered products/_product.html.erb (0.4ms)
Rendered line_items/_line_item.html.erb (1.4ms)
Rendered products/_product.html.erb (0.4ms)
Rendered line_items/_line_item.html.erb (1.5ms)
Rendered products/_product.html.erb (0.4ms)
Rendered line_items/_line_item.html.erb (1.5ms)
Rendered carts/_cart.html.erb (48.6ms)
Rendered layouts/_header.html.erb (1.0ms)
Rendered carts/show.html.erb within layouts/application (218.0ms)
Completed 200 OK in 364ms (Views: 220.2ms | ActiveRecord: 1.5ms)


Started POST "/orders?order[cart_id]=4&order[user_id]=5" for 166.205.14.43 at 2012-01-25 04:03:48 +0000
  Processing by OrdersController#create as HTML
  Parameters: {"authenticity_token"=>"s7jnEp49LLu8M8Y6p+N4ERq+FMoRGRXn0dwBC8bqnfw=", "order"=>{"cart_id"=>"4", "user_id"=>"5"}}
  [1m[35mCart Load (0.2ms)[0m  SELECT "carts".* FROM "carts" WHERE ("carts"."id" = 4) LIMIT 1
  [1m[36mSQL (58.3ms)[0m  [1mINSERT INTO "orders" ("cart_id", "created_at", "updated_at", "user_id") VALUES (4, '2012-01-25 04:03:49.163336', '2012-01-25 04:03:49.163336', 5)[0m
Redirected to http://go2starr.com/orders/3
Completed 302 Found in 145ms
